Performing C SOURCE FILE Test CMAKE_HAVE_LIBC_PTHREAD failed with the following output:
Change Dir: /home/cjh/wzk/masterThesis/Controller/cmake-build-debug/CMakeFiles/CMakeTmp

Run Build Command(s):/usr/bin/make cmTC_e329d/fast && /usr/bin/make -f CMakeFiles/cmTC_e329d.dir/build.make CMakeFiles/cmTC_e329d.dir/build
make[1]: Entering directory '/home/cjh/wzk/masterThesis/Controller/cmake-build-debug/CMakeFiles/CMakeTmp'
Building C object CMakeFiles/cmTC_e329d.dir/src.c.o
/usr/bin/cc   -DCMAKE_HAVE_LIBC_PTHREAD   -o CMakeFiles/cmTC_e329d.dir/src.c.o   -c /home/cjh/wzk/masterThesis/Controller/cmake-build-debug/CMakeFiles/CMakeTmp/src.c
Linking C executable cmTC_e329d
/usr/bin/cmake -E cmake_link_script CMakeFiles/cmTC_e329d.dir/link.txt --verbose=1
/usr/bin/cc  -DCMAKE_HAVE_LIBC_PTHREAD    CMakeFiles/cmTC_e329d.dir/src.c.o  -o cmTC_e329d 
CMakeFiles/cmTC_e329d.dir/src.c.o：在函数‘main’中：
src.c:(.text+0x3c)：对‘pthread_create’未定义的引用
src.c:(.text+0x48)：对‘pthread_detach’未定义的引用
src.c:(.text+0x59)：对‘pthread_join’未定义的引用
src.c:(.text+0x6d)：对‘pthread_atfork’未定义的引用
collect2: error: ld returned 1 exit status
CMakeFiles/cmTC_e329d.dir/build.make:86: recipe for target 'cmTC_e329d' failed
make[1]: *** [cmTC_e329d] Error 1
make[1]: Leaving directory '/home/cjh/wzk/masterThesis/Controller/cmake-build-debug/CMakeFiles/CMakeTmp'
Makefile:121: recipe for target 'cmTC_e329d/fast' failed
make: *** [cmTC_e329d/fast] Error 2


Source file was:
#include <pthread.h>

void* test_func(void* data)
{
  return data;
}

int main(void)
{
  pthread_t thread;
  pthread_create(&thread, NULL, test_func, NULL);
  pthread_detach(thread);
  pthread_join(thread, NULL);
  pthread_atfork(NULL, NULL, NULL);
  pthread_exit(NULL);

  return 0;
}

Determining if the function pthread_create exists in the pthreads failed with the following output:
Change Dir: /home/cjh/wzk/masterThesis/Controller/cmake-build-debug/CMakeFiles/CMakeTmp

Run Build Command(s):/usr/bin/make cmTC_49382/fast && /usr/bin/make -f CMakeFiles/cmTC_49382.dir/build.make CMakeFiles/cmTC_49382.dir/build
make[1]: Entering directory '/home/cjh/wzk/masterThesis/Controller/cmake-build-debug/CMakeFiles/CMakeTmp'
Building C object CMakeFiles/cmTC_49382.dir/CheckFunctionExists.c.o
/usr/bin/cc   -DCHECK_FUNCTION_EXISTS=pthread_create   -o CMakeFiles/cmTC_49382.dir/CheckFunctionExists.c.o   -c /usr/share/cmake-3.15/Modules/CheckFunctionExists.c
Linking C executable cmTC_49382
/usr/bin/cmake -E cmake_link_script CMakeFiles/cmTC_49382.dir/link.txt --verbose=1
/usr/bin/cc  -DCHECK_FUNCTION_EXISTS=pthread_create    CMakeFiles/cmTC_49382.dir/CheckFunctionExists.c.o  -o cmTC_49382 -lpthreads 
/usr/bin/ld: 找不到 -lpthreads
collect2: error: ld returned 1 exit status
CMakeFiles/cmTC_49382.dir/build.make:86: recipe for target 'cmTC_49382' failed
make[1]: *** [cmTC_49382] Error 1
make[1]: Leaving directory '/home/cjh/wzk/masterThesis/Controller/cmake-build-debug/CMakeFiles/CMakeTmp'
Makefile:121: recipe for target 'cmTC_49382/fast' failed
make: *** [cmTC_49382/fast] Error 2



